2026-02-14T07:45:22.527Z INFO Is remote: false
2026-02-14T07:45:22.582Z INFO Starting Local. Installation path: /home
2026-02-14T07:45:22.619Z INFO [MainProvider] Creating new MainProvider instance...
2026-02-14T07:45:22.620Z INFO [TabsManager] Code view listener set up at initialization
2026-02-14T07:45:22.645Z INFO Installation path exists: /home
2026-02-14T07:45:22.647Z INFO Initializing database with URL: file:/home/pythagora-core/data/database/pythagora.db
2026-02-14T07:45:22.654Z ERROR Database initialization error
Error: EACCES: permission denied, mkdir '/home/pythagora-core/data/database'
Stack: Error: EACCES: permission denied, mkdir '/home/pythagora-core/data/database'
	at Object.mkdirSync (node:fs:1363:26)
	at PrismaSession.ensureDatabaseSync (/home/richardmiruka/.vscode-server/extensions/pythagoratechnologies.pythagora-vs-code-2.6.19/out/core/CustomPrismaSession.js:61:20)
	at new PrismaSession (/home/richardmiruka/.vscode-server/extensions/pythagoratechnologies.pythagora-vs-code-2.6.19/out/core/CustomPrismaSession.js:17:18)
	at PrismaSession.getInstance (/home/richardmiruka/.vscode-server/extensions/pythagoratechnologies.pythagora-vs-code-2.6.19/out/core/CustomPrismaSession.js:28:38)
	at initializeDatabase (/home/richardmiruka/.vscode-server/extensions/pythagoratechnologies.pythagora-vs-code-2.6.19/out/extension.js:45:45)
	at activate (/home/richardmiruka/.vscode-server/extensions/pythagoratechnologies.pythagora-vs-code-2.6.19/out/extension.js:107:15)
	at process.processTicksAndRejections (node:internal/process/task_queues:105:5)
	at async cA.n (file:///home/richardmiruka/.vscode-server/bin/bdd88df003631aaa0bcbe057cb0a940b80a476fa/out/vs/workbench/api/node/extensionHostProcess.js:116:13398)
	at async cA.m (file:///home/richardmiruka/.vscode-server/bin/bdd88df003631aaa0bcbe057cb0a940b80a476fa/out/vs/workbench/api/node/extensionHostProcess.js:116:13361)
	at async cA.l (file:///home/richardmiruka/.vscode-server/bin/bdd88df003631aaa0bcbe057cb0a940b80a476fa/out/vs/workbench/api/node/extensionHostProcess.js:116:12817)
Extra context: {
  "code": "EACCES",
  "message": "EACCES: permission denied, mkdir '/home/pythagora-core/data/database'"
}
2026-02-14T07:45:22.673Z ERROR Failed to ensure database
Error: EACCES: permission denied, mkdir '/home/pythagora-core/data/database'
Stack: Error: EACCES: permission denied, mkdir '/home/pythagora-core/data/database'
	at Object.mkdirSync (node:fs:1363:26)
	at PrismaSession.ensureDatabaseSync (/home/richardmiruka/.vscode-server/extensions/pythagoratechnologies.pythagora-vs-code-2.6.19/out/core/CustomPrismaSession.js:61:20)
	at new PrismaSession (/home/richardmiruka/.vscode-server/extensions/pythagoratechnologies.pythagora-vs-code-2.6.19/out/core/CustomPrismaSession.js:17:18)
	at PrismaSession.getInstance (/home/richardmiruka/.vscode-server/extensions/pythagoratechnologies.pythagora-vs-code-2.6.19/out/core/CustomPrismaSession.js:28:38)
	at initializeDatabase (/home/richardmiruka/.vscode-server/extensions/pythagoratechnologies.pythagora-vs-code-2.6.19/out/extension.js:45:45)
	at activate (/home/richardmiruka/.vscode-server/extensions/pythagoratechnologies.pythagora-vs-code-2.6.19/out/extension.js:107:15)
	at process.processTicksAndRejections (node:internal/process/task_queues:105:5)
	at async cA.n (file:///home/richardmiruka/.vscode-server/bin/bdd88df003631aaa0bcbe057cb0a940b80a476fa/out/vs/workbench/api/node/extensionHostProcess.js:116:13398)
	at async cA.m (file:///home/richardmiruka/.vscode-server/bin/bdd88df003631aaa0bcbe057cb0a940b80a476fa/out/vs/workbench/api/node/extensionHostProcess.js:116:13361)
	at async cA.l (file:///home/richardmiruka/.vscode-server/bin/bdd88df003631aaa0bcbe057cb0a940b80a476fa/out/vs/workbench/api/node/extensionHostProcess.js:116:12817)
Extra context: {
  "code": "EACCES",
  "message": "EACCES: permission denied, mkdir '/home/pythagora-core/data/database'"
}
2026-02-14T07:45:22.693Z INFO Database initialized successfully
2026-02-14T07:45:22.714Z INFO [Migration] Checking for database migration...
2026-02-14T07:45:22.714Z INFO [Migration] No migration needed
2026-02-14T07:46:26.969Z INFO [TabsManager] First file opened, triggering split view
2026-02-14T07:46:26.970Z INFO [MainProvider] First file opened, creating split view
