2026-01-22T17:10:09.744Z INFO Is remote: false
2026-01-22T17:10:09.816Z INFO Starting Local. Installation path: /home
2026-01-22T17:10:09.920Z INFO [MainProvider] Creating new MainProvider instance...
2026-01-22T17:10:09.921Z INFO [TabsManager] Code view listener set up at initialization
2026-01-22T17:10:09.962Z INFO Installation path exists: /home
2026-01-22T17:10:09.965Z INFO Initializing database with URL: file:/home/pythagora-core/data/database/pythagora.db
2026-01-22T17:10:09.973Z ERROR Database initialization error
Error: EACCES: permission denied, mkdir '/home/pythagora-core/data/database'
Stack: Error: EACCES: permission denied, mkdir '/home/pythagora-core/data/database'
	at Object.mkdirSync (node:fs:1363:26)
	at PrismaSession.ensureDatabaseSync (/home/richardmiruka/.vscode-server/extensions/pythagoratechnologies.pythagora-vs-code-2.6.19/out/core/CustomPrismaSession.js:61:20)
	at new PrismaSession (/home/richardmiruka/.vscode-server/extensions/pythagoratechnologies.pythagora-vs-code-2.6.19/out/core/CustomPrismaSession.js:17:18)
	at PrismaSession.getInstance (/home/richardmiruka/.vscode-server/extensions/pythagoratechnologies.pythagora-vs-code-2.6.19/out/core/CustomPrismaSession.js:28:38)
	at initializeDatabase (/home/richardmiruka/.vscode-server/extensions/pythagoratechnologies.pythagora-vs-code-2.6.19/out/extension.js:45:45)
	at activate (/home/richardmiruka/.vscode-server/extensions/pythagoratechnologies.pythagora-vs-code-2.6.19/out/extension.js:107:15)
	at process.processTicksAndRejections (node:internal/process/task_queues:105:5)
	at async Uy.n (file:///home/richardmiruka/.vscode-server/bin/bf9252a2fb45be6893dd8870c0bf37e2e1766d61/out/vs/workbench/api/node/extensionHostProcess.js:114:13382)
	at async Uy.m (file:///home/richardmiruka/.vscode-server/bin/bf9252a2fb45be6893dd8870c0bf37e2e1766d61/out/vs/workbench/api/node/extensionHostProcess.js:114:13345)
	at async Uy.l (file:///home/richardmiruka/.vscode-server/bin/bf9252a2fb45be6893dd8870c0bf37e2e1766d61/out/vs/workbench/api/node/extensionHostProcess.js:114:12801)
Extra context: {
  "code": "EACCES",
  "message": "EACCES: permission denied, mkdir '/home/pythagora-core/data/database'"
}
2026-01-22T17:10:09.997Z ERROR Failed to ensure database
Error: EACCES: permission denied, mkdir '/home/pythagora-core/data/database'
Stack: Error: EACCES: permission denied, mkdir '/home/pythagora-core/data/database'
	at Object.mkdirSync (node:fs:1363:26)
	at PrismaSession.ensureDatabaseSync (/home/richardmiruka/.vscode-server/extensions/pythagoratechnologies.pythagora-vs-code-2.6.19/out/core/CustomPrismaSession.js:61:20)
	at new PrismaSession (/home/richardmiruka/.vscode-server/extensions/pythagoratechnologies.pythagora-vs-code-2.6.19/out/core/CustomPrismaSession.js:17:18)
	at PrismaSession.getInstance (/home/richardmiruka/.vscode-server/extensions/pythagoratechnologies.pythagora-vs-code-2.6.19/out/core/CustomPrismaSession.js:28:38)
	at initializeDatabase (/home/richardmiruka/.vscode-server/extensions/pythagoratechnologies.pythagora-vs-code-2.6.19/out/extension.js:45:45)
	at activate (/home/richardmiruka/.vscode-server/extensions/pythagoratechnologies.pythagora-vs-code-2.6.19/out/extension.js:107:15)
	at process.processTicksAndRejections (node:internal/process/task_queues:105:5)
	at async Uy.n (file:///home/richardmiruka/.vscode-server/bin/bf9252a2fb45be6893dd8870c0bf37e2e1766d61/out/vs/workbench/api/node/extensionHostProcess.js:114:13382)
	at async Uy.m (file:///home/richardmiruka/.vscode-server/bin/bf9252a2fb45be6893dd8870c0bf37e2e1766d61/out/vs/workbench/api/node/extensionHostProcess.js:114:13345)
	at async Uy.l (file:///home/richardmiruka/.vscode-server/bin/bf9252a2fb45be6893dd8870c0bf37e2e1766d61/out/vs/workbench/api/node/extensionHostProcess.js:114:12801)
Extra context: {
  "code": "EACCES",
  "message": "EACCES: permission denied, mkdir '/home/pythagora-core/data/database'"
}
2026-01-22T17:10:10.002Z INFO Database initialized successfully
2026-01-22T17:10:10.024Z INFO [Migration] Checking for database migration...
2026-01-22T17:10:10.026Z INFO [Migration] No migration needed
2026-01-22T17:14:24.288Z INFO [TabsManager] First file opened, triggering split view
2026-01-22T17:14:24.289Z INFO [MainProvider] First file opened, creating split view
2026-01-22T18:08:42.266Z INFO [TabsManager] First file opened, triggering split view
2026-01-22T18:08:42.269Z INFO [MainProvider] First file opened, creating split view
2026-01-22T18:12:41.080Z INFO [TabsManager] First file opened, triggering split view
2026-01-22T18:12:41.080Z INFO [MainProvider] First file opened, creating split view
