2025-10-30T11:41:22.951Z INFO SharedStateManager initialized
2025-10-30T11:41:22.951Z INFO Is remote: false
2025-10-30T11:41:23.027Z INFO Starting Local. Installation path: /home
2025-10-30T11:41:23.046Z INFO [MainProvider] Creating new MainProvider instance...
2025-10-30T11:41:23.065Z INFO Installation path exists: /home
2025-10-30T11:41:23.066Z INFO Initializing database with URL: file:/home/pythagora-core/data/database/pythagora.db
2025-10-30T11:41:23.071Z ERROR Database initialization error
Error: EACCES: permission denied, mkdir '/home/pythagora-core/data/database'
Stack: Error: EACCES: permission denied, mkdir '/home/pythagora-core/data/database'
    at Object.mkdirSync (node:fs:1363:26)
    at PrismaSession.ensureDatabaseSync (/home/richardmiruka/.vscode-server/extensions/pythagoratechnologies.pythagora-vs-code-2.5.24/out/core/CustomPrismaSession.js:61:20)
    at new PrismaSession (/home/richardmiruka/.vscode-server/extensions/pythagoratechnologies.pythagora-vs-code-2.5.24/out/core/CustomPrismaSession.js:17:18)
    at Function.getInstance (/home/richardmiruka/.vscode-server/extensions/pythagoratechnologies.pythagora-vs-code-2.5.24/out/core/CustomPrismaSession.js:28:38)
    at initializeDatabase (/home/richardmiruka/.vscode-server/extensions/pythagoratechnologies.pythagora-vs-code-2.5.24/out/extension.js:39:45)
    at activate (/home/richardmiruka/.vscode-server/extensions/pythagoratechnologies.pythagora-vs-code-2.5.24/out/extension.js:105:15)
    at processTicksAndRejections (node:internal/process/task_queues:105:5)
    at Gb.n (file:///home/richardmiruka/.vscode-server/bin/7d842fb85a0275a4a8e4d7e040d2625abbf7f084/out/vs/workbench/api/node/extensionHostProcess.js:114:13382)
    at Gb.m (file:///home/richardmiruka/.vscode-server/bin/7d842fb85a0275a4a8e4d7e040d2625abbf7f084/out/vs/workbench/api/node/extensionHostProcess.js:114:13345)
    at Gb.l (file:///home/richardmiruka/.vscode-server/bin/7d842fb85a0275a4a8e4d7e040d2625abbf7f084/out/vs/workbench/api/node/extensionHostProcess.js:114:12801)
Extra context: {
  "code": "EACCES",
  "message": "EACCES: permission denied, mkdir '/home/pythagora-core/data/database'"
}
2025-10-30T11:41:23.080Z ERROR Failed to ensure database
Error: EACCES: permission denied, mkdir '/home/pythagora-core/data/database'
Stack: Error: EACCES: permission denied, mkdir '/home/pythagora-core/data/database'
    at Object.mkdirSync (node:fs:1363:26)
    at PrismaSession.ensureDatabaseSync (/home/richardmiruka/.vscode-server/extensions/pythagoratechnologies.pythagora-vs-code-2.5.24/out/core/CustomPrismaSession.js:61:20)
    at new PrismaSession (/home/richardmiruka/.vscode-server/extensions/pythagoratechnologies.pythagora-vs-code-2.5.24/out/core/CustomPrismaSession.js:17:18)
    at Function.getInstance (/home/richardmiruka/.vscode-server/extensions/pythagoratechnologies.pythagora-vs-code-2.5.24/out/core/CustomPrismaSession.js:28:38)
    at initializeDatabase (/home/richardmiruka/.vscode-server/extensions/pythagoratechnologies.pythagora-vs-code-2.5.24/out/extension.js:39:45)
    at activate (/home/richardmiruka/.vscode-server/extensions/pythagoratechnologies.pythagora-vs-code-2.5.24/out/extension.js:105:15)
    at processTicksAndRejections (node:internal/process/task_queues:105:5)
    at Gb.n (file:///home/richardmiruka/.vscode-server/bin/7d842fb85a0275a4a8e4d7e040d2625abbf7f084/out/vs/workbench/api/node/extensionHostProcess.js:114:13382)
    at Gb.m (file:///home/richardmiruka/.vscode-server/bin/7d842fb85a0275a4a8e4d7e040d2625abbf7f084/out/vs/workbench/api/node/extensionHostProcess.js:114:13345)
    at Gb.l (file:///home/richardmiruka/.vscode-server/bin/7d842fb85a0275a4a8e4d7e040d2625abbf7f084/out/vs/workbench/api/node/extensionHostProcess.js:114:12801)
Extra context: {
  "code": "EACCES",
  "message": "EACCES: permission denied, mkdir '/home/pythagora-core/data/database'"
}
2025-10-30T11:41:23.081Z INFO Database initialized successfully
2025-10-30T11:41:23.087Z INFO [Migration] Checking for database migration...
2025-10-30T11:41:23.087Z INFO [Migration] No migration needed
2025-10-30T11:44:48.117Z INFO Closing entire Pythagora extension...
2025-10-30T11:44:48.319Z ERROR Error closing extension
Error: Canceled
Stack: Canceled: Canceled
    at new MR (file:///home/richardmiruka/.vscode-server/bin/7d842fb85a0275a4a8e4d7e040d2625abbf7f084/out/vs/workbench/api/node/extensionHostProcess.js:29:165113)
    at U4.U (file:///home/richardmiruka/.vscode-server/bin/7d842fb85a0275a4a8e4d7e040d2625abbf7f084/out/vs/workbench/api/node/extensionHostProcess.js:29:169723)
    at Proxy.s.<computed>.n.charCodeAt.s.<computed> (file:///home/richardmiruka/.vscode-server/bin/7d842fb85a0275a4a8e4d7e040d2625abbf7f084/out/vs/workbench/api/node/extensionHostProcess.js:29:167217)
    at iy.g (file:///home/richardmiruka/.vscode-server/bin/7d842fb85a0275a4a8e4d7e040d2625abbf7f084/out/vs/workbench/api/node/extensionHostProcess.js:114:41101)
    at iy.executeCommand (file:///home/richardmiruka/.vscode-server/bin/7d842fb85a0275a4a8e4d7e040d2625abbf7f084/out/vs/workbench/api/node/extensionHostProcess.js:114:40605)
    at Object.executeCommand (file:///home/richardmiruka/.vscode-server/bin/7d842fb85a0275a4a8e4d7e040d2625abbf7f084/out/vs/workbench/api/node/extensionHostProcess.js:201:105071)
    at closeEntirePythagoraExtension (/home/richardmiruka/.vscode-server/extensions/pythagoratechnologies.pythagora-vs-code-2.5.24/out/extension.js:390:31)
    at Object.deactivate (/home/richardmiruka/.vscode-server/extensions/pythagoratechnologies.pythagora-vs-code-2.5.24/out/extension.js:295:15)
    at SZ.eb (file:///home/richardmiruka/.vscode-server/bin/7d842fb85a0275a4a8e4d7e040d2625abbf7f084/out/vs/workbench/api/node/extensionHostProcess.js:118:11797)
    at file:///home/richardmiruka/.vscode-server/bin/7d842fb85a0275a4a8e4d7e040d2625abbf7f084/out/vs/workbench/api/node/extensionHostProcess.js:118:9947
    at Array.map (<anonymous>)
    at SZ.$ (file:///home/richardmiruka/.vscode-server/bin/7d842fb85a0275a4a8e4d7e040d2625abbf7f084/out/vs/workbench/api/node/extensionHostProcess.js:118:9935)
    at SZ.terminate (file:///home/richardmiruka/.vscode-server/bin/7d842fb85a0275a4a8e4d7e040d2625abbf7f084/out/vs/workbench/api/node/extensionHostProcess.js:118:10178)
    at H3.terminate (file:///home/richardmiruka/.vscode-server/bin/7d842fb85a0275a4a8e4d7e040d2625abbf7f084/out/vs/workbench/api/node/extensionHostProcess.js:120:914)
    at Ss (file:///home/richardmiruka/.vscode-server/bin/7d842fb85a0275a4a8e4d7e040d2625abbf7f084/out/vs/workbench/api/node/extensionHostProcess.js:393:10409)
    at od.value (file:///home/richardmiruka/.vscode-server/bin/7d842fb85a0275a4a8e4d7e040d2625abbf7f084/out/vs/workbench/api/node/extensionHostProcess.js:393:8561)
    at $.C (file:///home/richardmiruka/.vscode-server/bin/7d842fb85a0275a4a8e4d7e040d2625abbf7f084/out/vs/workbench/api/node/extensionHostProcess.js:27:2373)
    at $.fire (file:///home/richardmiruka/.vscode-server/bin/7d842fb85a0275a4a8e4d7e040d2625abbf7f084/out/vs/workbench/api/node/extensionHostProcess.js:27:2591)
    at Ao.fire (file:///home/richardmiruka/.vscode-server/bin/7d842fb85a0275a4a8e4d7e040d2625abbf7f084/out/vs/workbench/api/node/extensionHostProcess.js:29:9458)
    at ov.A (file:///home/richardmiruka/.vscode-server/bin/7d842fb85a0275a4a8e4d7e040d2625abbf7f084/out/vs/workbench/api/node/extensionHostProcess.js:29:12574)
    at od.value (file:///home/richardmiruka/.vscode-server/bin/7d842fb85a0275a4a8e4d7e040d2625abbf7f084/out/vs/workbench/api/node/extensionHostProcess.js:29:10994)
    at $.C (file:///home/richardmiruka/.vscode-server/bin/7d842fb85a0275a4a8e4d7e040d2625abbf7f084/out/vs/workbench/api/node/extensionHostProcess.js:27:2373)
    at $.fire (file:///home/richardmiruka/.vscode-server/bin/7d842fb85a0275a4a8e4d7e040d2625abbf7f084/out/vs/workbench/api/node/extensionHostProcess.js:27:2591)
    at A5.acceptChunk (file:///home/richardmiruka/.vscode-server/bin/7d842fb85a0275a4a8e4d7e040d2625abbf7f084/out/vs/workbench/api/node/extensionHostProcess.js:29:7941)
    at od.value (file:///home/richardmiruka/.vscode-server/bin/7d842fb85a0275a4a8e4d7e040d2625abbf7f084/out/vs/workbench/api/node/extensionHostProcess.js:29:7227)
    at $.C (file:///home/richardmiruka/.vscode-server/bin/7d842fb85a0275a4a8e4d7e040d2625abbf7f084/out/vs/workbench/api/node/extensionHostProcess.js:27:2373)
    at $.fire (file:///home/richardmiruka/.vscode-server/bin/7d842fb85a0275a4a8e4d7e040d2625abbf7f084/out/vs/workbench/api/node/extensionHostProcess.js:27:2591)
    at yN.z (file:///home/richardmiruka/.vscode-server/bin/7d842fb85a0275a4a8e4d7e040d2625abbf7f084/out/vs/workbench/api/node/extensionHostProcess.js:29:21744)
    at yN.acceptFrame (file:///home/richardmiruka/.vscode-server/bin/7d842fb85a0275a4a8e4d7e040d2625abbf7f084/out/vs/workbench/api/node/extensionHostProcess.js:29:21550)
    at bN.n (file:///home/richardmiruka/.vscode-server/bin/7d842fb85a0275a4a8e4d7e040d2625abbf7f084/out/vs/workbench/api/node/extensionHostProcess.js:29:20078)
    at file:///home/richardmiruka/.vscode-server/bin/7d842fb85a0275a4a8e4d7e040d2625abbf7f084/out/vs/workbench/api/node/extensionHostProcess.js:29:17310
    at Socket.t (file:///home/richardmiruka/.vscode-server/bin/7d842fb85a0275a4a8e4d7e040d2625abbf7f084/out/vs/workbench/api/node/extensionHostProcess.js:29:15251)
    at Socket.emit (node:events:519:28)
    at Socket.emit (node:domain:489:12)
    at addChunk (node:internal/streams/readable:561:12)
    at readableAddChunkPushByteMode (node:internal/streams/readable:512:3)
    at Socket.Readable.push (node:internal/streams/readable:392:5)
    at TCP.onStreamRead (node:internal/stream_base_commons:189:23)
    at TCP.callbackTrampoline (node:internal/async_hooks:130:17)
Extra context: {
  "message": "Canceled"
}
2025-10-30T11:45:17.914Z INFO SharedStateManager initialized
2025-10-30T11:45:17.914Z INFO Is remote: false
2025-10-30T11:45:17.994Z INFO Starting Local. Installation path: /home
2025-10-30T11:45:18.015Z INFO [MainProvider] Creating new MainProvider instance...
2025-10-30T11:45:18.048Z INFO Installation path exists: /home
2025-10-30T11:45:18.051Z INFO Initializing database with URL: file:/home/pythagora-core/data/database/pythagora.db
2025-10-30T11:45:18.057Z ERROR Database initialization error
Error: EACCES: permission denied, mkdir '/home/pythagora-core/data/database'
Stack: Error: EACCES: permission denied, mkdir '/home/pythagora-core/data/database'
    at Object.mkdirSync (node:fs:1363:26)
    at PrismaSession.ensureDatabaseSync (/home/richardmiruka/.vscode-server/extensions/pythagoratechnologies.pythagora-vs-code-2.5.24/out/core/CustomPrismaSession.js:61:20)
    at new PrismaSession (/home/richardmiruka/.vscode-server/extensions/pythagoratechnologies.pythagora-vs-code-2.5.24/out/core/CustomPrismaSession.js:17:18)
    at Function.getInstance (/home/richardmiruka/.vscode-server/extensions/pythagoratechnologies.pythagora-vs-code-2.5.24/out/core/CustomPrismaSession.js:28:38)
    at initializeDatabase (/home/richardmiruka/.vscode-server/extensions/pythagoratechnologies.pythagora-vs-code-2.5.24/out/extension.js:39:45)
    at activate (/home/richardmiruka/.vscode-server/extensions/pythagoratechnologies.pythagora-vs-code-2.5.24/out/extension.js:105:15)
    at processTicksAndRejections (node:internal/process/task_queues:105:5)
    at Gb.n (file:///home/richardmiruka/.vscode-server/bin/7d842fb85a0275a4a8e4d7e040d2625abbf7f084/out/vs/workbench/api/node/extensionHostProcess.js:114:13382)
    at Gb.m (file:///home/richardmiruka/.vscode-server/bin/7d842fb85a0275a4a8e4d7e040d2625abbf7f084/out/vs/workbench/api/node/extensionHostProcess.js:114:13345)
    at Gb.l (file:///home/richardmiruka/.vscode-server/bin/7d842fb85a0275a4a8e4d7e040d2625abbf7f084/out/vs/workbench/api/node/extensionHostProcess.js:114:12801)
Extra context: {
  "code": "EACCES",
  "message": "EACCES: permission denied, mkdir '/home/pythagora-core/data/database'"
}
2025-10-30T11:45:18.066Z ERROR Failed to ensure database
Error: EACCES: permission denied, mkdir '/home/pythagora-core/data/database'
Stack: Error: EACCES: permission denied, mkdir '/home/pythagora-core/data/database'
    at Object.mkdirSync (node:fs:1363:26)
    at PrismaSession.ensureDatabaseSync (/home/richardmiruka/.vscode-server/extensions/pythagoratechnologies.pythagora-vs-code-2.5.24/out/core/CustomPrismaSession.js:61:20)
    at new PrismaSession (/home/richardmiruka/.vscode-server/extensions/pythagoratechnologies.pythagora-vs-code-2.5.24/out/core/CustomPrismaSession.js:17:18)
    at Function.getInstance (/home/richardmiruka/.vscode-server/extensions/pythagoratechnologies.pythagora-vs-code-2.5.24/out/core/CustomPrismaSession.js:28:38)
    at initializeDatabase (/home/richardmiruka/.vscode-server/extensions/pythagoratechnologies.pythagora-vs-code-2.5.24/out/extension.js:39:45)
    at activate (/home/richardmiruka/.vscode-server/extensions/pythagoratechnologies.pythagora-vs-code-2.5.24/out/extension.js:105:15)
    at processTicksAndRejections (node:internal/process/task_queues:105:5)
    at Gb.n (file:///home/richardmiruka/.vscode-server/bin/7d842fb85a0275a4a8e4d7e040d2625abbf7f084/out/vs/workbench/api/node/extensionHostProcess.js:114:13382)
    at Gb.m (file:///home/richardmiruka/.vscode-server/bin/7d842fb85a0275a4a8e4d7e040d2625abbf7f084/out/vs/workbench/api/node/extensionHostProcess.js:114:13345)
    at Gb.l (file:///home/richardmiruka/.vscode-server/bin/7d842fb85a0275a4a8e4d7e040d2625abbf7f084/out/vs/workbench/api/node/extensionHostProcess.js:114:12801)
Extra context: {
  "code": "EACCES",
  "message": "EACCES: permission denied, mkdir '/home/pythagora-core/data/database'"
}
2025-10-30T11:45:18.067Z INFO Database initialized successfully
2025-10-30T11:45:18.074Z INFO [Migration] Checking for database migration...
2025-10-30T11:45:18.075Z INFO [Migration] No migration needed
2025-10-30T11:48:53.630Z INFO Closing entire Pythagora extension...
2025-10-30T11:48:53.971Z ERROR Error closing extension
Error: Canceled
Stack: Canceled: Canceled
    at new MR (file:///home/richardmiruka/.vscode-server/bin/7d842fb85a0275a4a8e4d7e040d2625abbf7f084/out/vs/workbench/api/node/extensionHostProcess.js:29:165113)
    at U4.U (file:///home/richardmiruka/.vscode-server/bin/7d842fb85a0275a4a8e4d7e040d2625abbf7f084/out/vs/workbench/api/node/extensionHostProcess.js:29:169723)
    at Proxy.s.<computed>.n.charCodeAt.s.<computed> (file:///home/richardmiruka/.vscode-server/bin/7d842fb85a0275a4a8e4d7e040d2625abbf7f084/out/vs/workbench/api/node/extensionHostProcess.js:29:167217)
    at iy.g (file:///home/richardmiruka/.vscode-server/bin/7d842fb85a0275a4a8e4d7e040d2625abbf7f084/out/vs/workbench/api/node/extensionHostProcess.js:114:41101)
    at iy.executeCommand (file:///home/richardmiruka/.vscode-server/bin/7d842fb85a0275a4a8e4d7e040d2625abbf7f084/out/vs/workbench/api/node/extensionHostProcess.js:114:40605)
    at Object.executeCommand (file:///home/richardmiruka/.vscode-server/bin/7d842fb85a0275a4a8e4d7e040d2625abbf7f084/out/vs/workbench/api/node/extensionHostProcess.js:201:105071)
    at closeEntirePythagoraExtension (/home/richardmiruka/.vscode-server/extensions/pythagoratechnologies.pythagora-vs-code-2.5.24/out/extension.js:390:31)
    at Object.deactivate (/home/richardmiruka/.vscode-server/extensions/pythagoratechnologies.pythagora-vs-code-2.5.24/out/extension.js:295:15)
    at SZ.eb (file:///home/richardmiruka/.vscode-server/bin/7d842fb85a0275a4a8e4d7e040d2625abbf7f084/out/vs/workbench/api/node/extensionHostProcess.js:118:11797)
    at file:///home/richardmiruka/.vscode-server/bin/7d842fb85a0275a4a8e4d7e040d2625abbf7f084/out/vs/workbench/api/node/extensionHostProcess.js:118:9947
    at Array.map (<anonymous>)
    at SZ.$ (file:///home/richardmiruka/.vscode-server/bin/7d842fb85a0275a4a8e4d7e040d2625abbf7f084/out/vs/workbench/api/node/extensionHostProcess.js:118:9935)
    at SZ.terminate (file:///home/richardmiruka/.vscode-server/bin/7d842fb85a0275a4a8e4d7e040d2625abbf7f084/out/vs/workbench/api/node/extensionHostProcess.js:118:10178)
    at H3.terminate (file:///home/richardmiruka/.vscode-server/bin/7d842fb85a0275a4a8e4d7e040d2625abbf7f084/out/vs/workbench/api/node/extensionHostProcess.js:120:914)
    at Ss (file:///home/richardmiruka/.vscode-server/bin/7d842fb85a0275a4a8e4d7e040d2625abbf7f084/out/vs/workbench/api/node/extensionHostProcess.js:393:10409)
    at od.value (file:///home/richardmiruka/.vscode-server/bin/7d842fb85a0275a4a8e4d7e040d2625abbf7f084/out/vs/workbench/api/node/extensionHostProcess.js:393:8561)
    at $.C (file:///home/richardmiruka/.vscode-server/bin/7d842fb85a0275a4a8e4d7e040d2625abbf7f084/out/vs/workbench/api/node/extensionHostProcess.js:27:2373)
    at $.fire (file:///home/richardmiruka/.vscode-server/bin/7d842fb85a0275a4a8e4d7e040d2625abbf7f084/out/vs/workbench/api/node/extensionHostProcess.js:27:2591)
    at Ao.fire (file:///home/richardmiruka/.vscode-server/bin/7d842fb85a0275a4a8e4d7e040d2625abbf7f084/out/vs/workbench/api/node/extensionHostProcess.js:29:9458)
    at ov.A (file:///home/richardmiruka/.vscode-server/bin/7d842fb85a0275a4a8e4d7e040d2625abbf7f084/out/vs/workbench/api/node/extensionHostProcess.js:29:12574)
    at od.value (file:///home/richardmiruka/.vscode-server/bin/7d842fb85a0275a4a8e4d7e040d2625abbf7f084/out/vs/workbench/api/node/extensionHostProcess.js:29:10994)
    at $.C (file:///home/richardmiruka/.vscode-server/bin/7d842fb85a0275a4a8e4d7e040d2625abbf7f084/out/vs/workbench/api/node/extensionHostProcess.js:27:2373)
    at $.fire (file:///home/richardmiruka/.vscode-server/bin/7d842fb85a0275a4a8e4d7e040d2625abbf7f084/out/vs/workbench/api/node/extensionHostProcess.js:27:2591)
    at A5.acceptChunk (file:///home/richardmiruka/.vscode-server/bin/7d842fb85a0275a4a8e4d7e040d2625abbf7f084/out/vs/workbench/api/node/extensionHostProcess.js:29:7941)
    at od.value (file:///home/richardmiruka/.vscode-server/bin/7d842fb85a0275a4a8e4d7e040d2625abbf7f084/out/vs/workbench/api/node/extensionHostProcess.js:29:7227)
    at $.C (file:///home/richardmiruka/.vscode-server/bin/7d842fb85a0275a4a8e4d7e040d2625abbf7f084/out/vs/workbench/api/node/extensionHostProcess.js:27:2373)
    at $.fire (file:///home/richardmiruka/.vscode-server/bin/7d842fb85a0275a4a8e4d7e040d2625abbf7f084/out/vs/workbench/api/node/extensionHostProcess.js:27:2591)
    at yN.z (file:///home/richardmiruka/.vscode-server/bin/7d842fb85a0275a4a8e4d7e040d2625abbf7f084/out/vs/workbench/api/node/extensionHostProcess.js:29:21744)
    at yN.acceptFrame (file:///home/richardmiruka/.vscode-server/bin/7d842fb85a0275a4a8e4d7e040d2625abbf7f084/out/vs/workbench/api/node/extensionHostProcess.js:29:21550)
    at bN.n (file:///home/richardmiruka/.vscode-server/bin/7d842fb85a0275a4a8e4d7e040d2625abbf7f084/out/vs/workbench/api/node/extensionHostProcess.js:29:20078)
    at file:///home/richardmiruka/.vscode-server/bin/7d842fb85a0275a4a8e4d7e040d2625abbf7f084/out/vs/workbench/api/node/extensionHostProcess.js:29:17310
    at Socket.t (file:///home/richardmiruka/.vscode-server/bin/7d842fb85a0275a4a8e4d7e040d2625abbf7f084/out/vs/workbench/api/node/extensionHostProcess.js:29:15251)
    at Socket.emit (node:events:519:28)
    at Socket.emit (node:domain:489:12)
    at addChunk (node:internal/streams/readable:561:12)
    at readableAddChunkPushByteMode (node:internal/streams/readable:512:3)
    at Socket.Readable.push (node:internal/streams/readable:392:5)
    at TCP.onStreamRead (node:internal/stream_base_commons:189:23)
    at TCP.callbackTrampoline (node:internal/async_hooks:130:17)
Extra context: {
  "message": "Canceled"
}
